<?xml version="1.0" encoding="UTF-8"?>
<testsuite xmlns:xsi="http://www.w3.org/2001/XMLSchema-instance" xsi:noNamespaceSchemaLocation="https://maven.apache.org/surefire/maven-surefire-plugin/xsd/surefire-test-report-3.0.xsd" version="3.0" name="TestSuite" time="75.149" tests="42" errors="0" skipped="0" failures="0">
  <properties>
    <property name="java.specification.version" value="18"/>
    <property name="webdriver.chrome.driver" value="C:\Users\Hoa Nang\.cache\selenium\chromedriver\win32\108.0.5359.71\chromedriver.exe"/>
    <property name="sun.cpu.isalist" value="amd64"/>
    <property name="sun.jnu.encoding" value="Cp1252"/>
    <property name="java.class.path" value="D:\Automation\Automation Project\SauceDemo\target\test-classes;D:\Automation\Automation Project\SauceDemo\target\classes;C:\Users\Hoa Nang\.m2\repository\io\github\bonigarcia\webdrivermanager\5.3.1\webdrivermanager-5.3.1.jar;C:\Users\Hoa Nang\.m2\repository\org\slf4j\slf4j-api\2.0.3\slf4j-api-2.0.3.jar;C:\Users\Hoa Nang\.m2\repository\com\google\code\gson\gson\2.10\gson-2.10.jar;C:\Users\Hoa Nang\.m2\repository\com\github\docker-java\docker-java\3.2.13\docker-java-3.2.13.jar;C:\Users\Hoa Nang\.m2\repository\com\github\docker-java\docker-java-core\3.2.13\docker-java-core-3.2.13.jar;C:\Users\Hoa Nang\.m2\repository\com\github\docker-java\docker-java-api\3.2.13\docker-java-api-3.2.13.jar;C:\Users\Hoa Nang\.m2\repository\com\fasterxml\jackson\core\jackson-annotations\2.10.3\jackson-annotations-2.10.3.jar;C:\Users\Hoa Nang\.m2\repository\com\fasterxml\jackson\core\jackson-databind\2.10.3\jackson-databind-2.10.3.jar;C:\Users\Hoa Nang\.m2\repository\com\fasterxml\jackson\core\jackson-core\2.10.3\jackson-core-2.10.3.jar;C:\Users\Hoa Nang\.m2\repository\org\bouncycastle\bcpkix-jdk15on\1.64\bcpkix-jdk15on-1.64.jar;C:\Users\Hoa Nang\.m2\repository\org\bouncycastle\bcprov-jdk15on\1.64\bcprov-jdk15on-1.64.jar;C:\Users\Hoa Nang\.m2\repository\org\slf4j\jcl-over-slf4j\1.7.30\jcl-over-slf4j-1.7.30.jar;C:\Users\Hoa Nang\.m2\repository\com\github\docker-java\docker-java-transport-httpclient5\3.2.13\docker-java-transport-httpclient5-3.2.13.jar;C:\Users\Hoa Nang\.m2\repository\com\github\docker-java\docker-java-transport\3.2.13\docker-java-transport-3.2.13.jar;C:\Users\Hoa Nang\.m2\repository\net\java\dev\jna\jna\5.8.0\jna-5.8.0.jar;C:\Users\Hoa Nang\.m2\repository\org\brotli\dec\0.1.2\dec-0.1.2.jar;C:\Users\Hoa Nang\.m2\repository\org\apache\commons\commons-lang3\3.12.0\commons-lang3-3.12.0.jar;C:\Users\Hoa Nang\.m2\repository\org\apache\httpcomponents\client5\httpclient5\5.1.3\httpclient5-5.1.3.jar;C:\Users\Hoa Nang\.m2\repository\org\apache\httpcomponents\core5\httpcore5\5.1.3\httpcore5-5.1.3.jar;C:\Users\Hoa Nang\.m2\repository\org\apache\httpcomponents\core5\httpcore5-h2\5.1.3\httpcore5-h2-5.1.3.jar;C:\Users\Hoa Nang\.m2\repository\org\testng\testng\7.6.1\testng-7.6.1.jar;C:\Users\Hoa Nang\.m2\repository\com\google\code\findbugs\jsr305\3.0.2\jsr305-3.0.2.jar;C:\Users\Hoa Nang\.m2\repository\com\beust\jcommander\1.82\jcommander-1.82.jar;C:\Users\Hoa Nang\.m2\repository\org\webjars\jquery\3.6.0\jquery-3.6.0.jar;C:\Users\Hoa Nang\.m2\repository\org\seleniumhq\selenium\selenium-java\4.6.0\selenium-java-4.6.0.jar;C:\Users\Hoa Nang\.m2\repository\org\seleniumhq\selenium\selenium-api\4.6.0\selenium-api-4.6.0.jar;C:\Users\Hoa Nang\.m2\repository\org\seleniumhq\selenium\selenium-chrome-driver\4.6.0\selenium-chrome-driver-4.6.0.jar;C:\Users\Hoa Nang\.m2\repository\com\google\auto\service\auto-service-annotations\1.0.1\auto-service-annotations-1.0.1.jar;C:\Users\Hoa Nang\.m2\repository\com\google\auto\service\auto-service\1.0.1\auto-service-1.0.1.jar;C:\Users\Hoa Nang\.m2\repository\com\google\auto\auto-common\1.2\auto-common-1.2.jar;C:\Users\Hoa Nang\.m2\repository\com\google\guava\guava\31.1-jre\guava-31.1-jre.jar;C:\Users\Hoa Nang\.m2\repository\com\google\guava\failureaccess\1.0.1\failureaccess-1.0.1.jar;C:\Users\Hoa Nang\.m2\repository\com\google\guava\listenablefuture\9999.0-empty-to-avoid-conflict-with-guava\listenablefuture-9999.0-empty-to-avoid-conflict-with-guava.jar;C:\Users\Hoa Nang\.m2\repository\org\checkerframework\checker-qual\3.12.0\checker-qual-3.12.0.jar;C:\Users\Hoa Nang\.m2\repository\com\google\errorprone\error_prone_annotations\2.11.0\error_prone_annotations-2.11.0.jar;C:\Users\Hoa Nang\.m2\repository\com\google\j2objc\j2objc-annotations\1.3\j2objc-annotations-1.3.jar;C:\Users\Hoa Nang\.m2\repository\org\seleniumhq\selenium\selenium-chromium-driver\4.6.0\selenium-chromium-driver-4.6.0.jar;C:\Users\Hoa Nang\.m2\repository\org\seleniumhq\selenium\selenium-json\4.6.0\selenium-json-4.6.0.jar;C:\Users\Hoa Nang\.m2\repository\org\seleniumhq\selenium\selenium-devtools-v105\4.6.0\selenium-devtools-v105-4.6.0.jar;C:\Users\Hoa Nang\.m2\repository\org\seleniumhq\selenium\selenium-devtools-v106\4.6.0\selenium-devtools-v106-4.6.0.jar;C:\Users\Hoa Nang\.m2\repository\org\seleniumhq\selenium\selenium-devtools-v107\4.6.0\selenium-devtools-v107-4.6.0.jar;C:\Users\Hoa Nang\.m2\repository\org\seleniumhq\selenium\selenium-devtools-v85\4.6.0\selenium-devtools-v85-4.6.0.jar;C:\Users\Hoa Nang\.m2\repository\org\seleniumhq\selenium\selenium-edge-driver\4.6.0\selenium-edge-driver-4.6.0.jar;C:\Users\Hoa Nang\.m2\repository\org\seleniumhq\selenium\selenium-firefox-driver\4.6.0\selenium-firefox-driver-4.6.0.jar;C:\Users\Hoa Nang\.m2\repository\org\seleniumhq\selenium\selenium-ie-driver\4.6.0\selenium-ie-driver-4.6.0.jar;C:\Users\Hoa Nang\.m2\repository\org\seleniumhq\selenium\selenium-remote-driver\4.6.0\selenium-remote-driver-4.6.0.jar;C:\Users\Hoa Nang\.m2\repository\io\netty\netty-buffer\4.1.84.Final\netty-buffer-4.1.84.Final.jar;C:\Users\Hoa Nang\.m2\repository\io\netty\netty-codec-http\4.1.84.Final\netty-codec-http-4.1.84.Final.jar;C:\Users\Hoa Nang\.m2\repository\io\netty\netty-codec\4.1.84.Final\netty-codec-4.1.84.Final.jar;C:\Users\Hoa Nang\.m2\repository\io\netty\netty-handler\4.1.84.Final\netty-handler-4.1.84.Final.jar;C:\Users\Hoa Nang\.m2\repository\io\netty\netty-common\4.1.84.Final\netty-common-4.1.84.Final.jar;C:\Users\Hoa Nang\.m2\repository\io\netty\netty-transport-classes-epoll\4.1.84.Final\netty-transport-classes-epoll-4.1.84.Final.jar;C:\Users\Hoa Nang\.m2\repository\io\netty\netty-transport-classes-kqueue\4.1.84.Final\netty-transport-classes-kqueue-4.1.84.Final.jar;C:\Users\Hoa Nang\.m2\repository\io\netty\netty-transport-native-epoll\4.1.84.Final\netty-transport-native-epoll-4.1.84.Final.jar;C:\Users\Hoa Nang\.m2\repository\io\netty\netty-transport-native-kqueue\4.1.84.Final\netty-transport-native-kqueue-4.1.84.Final.jar;C:\Users\Hoa Nang\.m2\repository\io\netty\netty-transport-native-unix-common\4.1.84.Final\netty-transport-native-unix-common-4.1.84.Final.jar;C:\Users\Hoa Nang\.m2\repository\io\netty\netty-transport\4.1.84.Final\netty-transport-4.1.84.Final.jar;C:\Users\Hoa Nang\.m2\repository\io\netty\netty-resolver\4.1.84.Final\netty-resolver-4.1.84.Final.jar;C:\Users\Hoa Nang\.m2\repository\io\opentelemetry\opentelemetry-api\1.19.0\opentelemetry-api-1.19.0.jar;C:\Users\Hoa Nang\.m2\repository\io\opentelemetry\opentelemetry-context\1.19.0\opentelemetry-context-1.19.0.jar;C:\Users\Hoa Nang\.m2\repository\io\opentelemetry\opentelemetry-exporter-logging\1.19.0\opentelemetry-exporter-logging-1.19.0.jar;C:\Users\Hoa Nang\.m2\repository\io\opentelemetry\opentelemetry-sdk-metrics\1.19.0\opentelemetry-sdk-metrics-1.19.0.jar;C:\Users\Hoa Nang\.m2\repository\io\opentelemetry\opentelemetry-sdk-logs\1.19.0-alpha\opentelemetry-sdk-logs-1.19.0-alpha.jar;C:\Users\Hoa Nang\.m2\repository\io\opentelemetry\opentelemetry-api-logs\1.19.0-alpha\opentelemetry-api-logs-1.19.0-alpha.jar;C:\Users\Hoa Nang\.m2\repository\io\opentelemetry\opentelemetry-sdk-common\1.19.0\opentelemetry-sdk-common-1.19.0.jar;C:\Users\Hoa Nang\.m2\repository\io\opentelemetry\opentelemetry-sdk-extension-autoconfigure-spi\1.19.0\opentelemetry-sdk-extension-autoconfigure-spi-1.19.0.jar;C:\Users\Hoa Nang\.m2\repository\io\opentelemetry\opentelemetry-sdk-extension-autoconfigure\1.19.0-alpha\opentelemetry-sdk-extension-autoconfigure-1.19.0-alpha.jar;C:\Users\Hoa Nang\.m2\repository\io\opentelemetry\opentelemetry-exporter-common\1.19.0\opentelemetry-exporter-common-1.19.0.jar;C:\Users\Hoa Nang\.m2\repository\io\opentelemetry\opentelemetry-sdk-trace\1.19.0\opentelemetry-sdk-trace-1.19.0.jar;C:\Users\Hoa Nang\.m2\repository\io\opentelemetry\opentelemetry-sdk\1.19.0\opentelemetry-sdk-1.19.0.jar;C:\Users\Hoa Nang\.m2\repository\io\opentelemetry\opentelemetry-semconv\1.19.0-alpha\opentelemetry-semconv-1.19.0-alpha.jar;C:\Users\Hoa Nang\.m2\repository\io\ous\jtoml\2.0.0\jtoml-2.0.0.jar;C:\Users\Hoa Nang\.m2\repository\net\bytebuddy\byte-buddy\1.12.18\byte-buddy-1.12.18.jar;C:\Users\Hoa Nang\.m2\repository\org\apache\commons\commons-exec\1.3\commons-exec-1.3.jar;C:\Users\Hoa Nang\.m2\repository\org\asynchttpclient\async-http-client\2.12.3\async-http-client-2.12.3.jar;C:\Users\Hoa Nang\.m2\repository\org\asynchttpclient\async-http-client-netty-utils\2.12.3\async-http-client-netty-utils-2.12.3.jar;C:\Users\Hoa Nang\.m2\repository\io\netty\netty-codec-socks\4.1.60.Final\netty-codec-socks-4.1.60.Final.jar;C:\Users\Hoa Nang\.m2\repository\io\netty\netty-handler-proxy\4.1.60.Final\netty-handler-proxy-4.1.60.Final.jar;C:\Users\Hoa Nang\.m2\repository\io\netty\netty-transport-native-epoll\4.1.60.Final\netty-transport-native-epoll-4.1.60.Final-linux-x86_64.jar;C:\Users\Hoa Nang\.m2\repository\io\netty\netty-transport-native-kqueue\4.1.60.Final\netty-transport-native-kqueue-4.1.60.Final-osx-x86_64.jar;C:\Users\Hoa Nang\.m2\repository\org\reactivestreams\reactive-streams\1.0.3\reactive-streams-1.0.3.jar;C:\Users\Hoa Nang\.m2\repository\com\typesafe\netty\netty-reactive-streams\2.0.4\netty-reactive-streams-2.0.4.jar;C:\Users\Hoa Nang\.m2\repository\com\sun\activation\jakarta.activation\1.2.2\jakarta.activation-1.2.2.jar;C:\Users\Hoa Nang\.m2\repository\org\seleniumhq\selenium\selenium-http\4.6.0\selenium-http-4.6.0.jar;C:\Users\Hoa Nang\.m2\repository\dev\failsafe\failsafe\3.3.0\failsafe-3.3.0.jar;C:\Users\Hoa Nang\.m2\repository\org\seleniumhq\selenium\selenium-manager\4.6.0\selenium-manager-4.6.0.jar;C:\Users\Hoa Nang\.m2\repository\org\seleniumhq\selenium\selenium-safari-driver\4.6.0\selenium-safari-driver-4.6.0.jar;C:\Users\Hoa Nang\.m2\repository\org\seleniumhq\selenium\selenium-support\4.6.0\selenium-support-4.6.0.jar;C:\Users\Hoa Nang\.m2\repository\org\apache\poi\poi\5.2.3\poi-5.2.3.jar;C:\Users\Hoa Nang\.m2\repository\commons-codec\commons-codec\1.15\commons-codec-1.15.jar;C:\Users\Hoa Nang\.m2\repository\org\apache\commons\commons-collections4\4.4\commons-collections4-4.4.jar;C:\Users\Hoa Nang\.m2\repository\org\apache\commons\commons-math3\3.6.1\commons-math3-3.6.1.jar;C:\Users\Hoa Nang\.m2\repository\commons-io\commons-io\2.11.0\commons-io-2.11.0.jar;C:\Users\Hoa Nang\.m2\repository\com\zaxxer\SparseBitSet\1.2\SparseBitSet-1.2.jar;C:\Users\Hoa Nang\.m2\repository\org\apache\poi\poi-ooxml\5.2.3\poi-ooxml-5.2.3.jar;C:\Users\Hoa Nang\.m2\repository\org\apache\poi\poi-ooxml-lite\5.2.3\poi-ooxml-lite-5.2.3.jar;C:\Users\Hoa Nang\.m2\repository\org\apache\xmlbeans\xmlbeans\5.1.1\xmlbeans-5.1.1.jar;C:\Users\Hoa Nang\.m2\repository\org\apache\commons\commons-compress\1.21\commons-compress-1.21.jar;C:\Users\Hoa Nang\.m2\repository\com\github\virtuald\curvesapi\1.07\curvesapi-1.07.jar;C:\Users\Hoa Nang\.m2\repository\io\qameta\allure\allure-testng\2.20.1\allure-testng-2.20.1.jar;C:\Users\Hoa Nang\.m2\repository\io\qameta\allure\allure-java-commons\2.20.1\allure-java-commons-2.20.1.jar;C:\Users\Hoa Nang\.m2\repository\io\qameta\allure\allure-model\2.20.1\allure-model-2.20.1.jar;C:\Users\Hoa Nang\.m2\repository\io\qameta\allure\allure-test-filter\2.20.1\allure-test-filter-2.20.1.jar;C:\Users\Hoa Nang\.m2\repository\org\apache\logging\log4j\log4j-api\2.19.0\log4j-api-2.19.0.jar;C:\Users\Hoa Nang\.m2\repository\org\apache\logging\log4j\log4j-core\2.19.0\log4j-core-2.19.0.jar;"/>
    <property name="java.vm.vendor" value="Oracle Corporation"/>
    <property name="sun.arch.data.model" value="64"/>
    <property name="user.variant" value=""/>
    <property name="java.vendor.url" value="https://java.oracle.com/"/>
    <property name="user.timezone" value="Asia/Bangkok"/>
    <property name="os.name" value="Windows 11"/>
    <property name="java.vm.specification.version" value="18"/>
    <property name="sun.java.launcher" value="SUN_STANDARD"/>
    <property name="user.country" value="US"/>
    <property name="sun.boot.library.path" value="C:\Program Files\Java\jdk-18.0.1.1\bin"/>
    <property name="sun.java.command" value="C:\Users\Hoa Nang\AppData\Local\Temp\surefire9240395817670914538\surefirebooter-20230112220928100_3.jar C:\Users\Hoa Nang\AppData\Local\Temp\surefire9240395817670914538 2023-01-12T22-09-27_763-jvmRun1 surefire-20230112220928100_1tmp surefire_0-20230112220928100_2tmp"/>
    <property name="jdk.debug" value="release"/>
    <property name="surefire.test.class.path" value="D:\Automation\Automation Project\SauceDemo\target\test-classes;D:\Automation\Automation Project\SauceDemo\target\classes;C:\Users\Hoa Nang\.m2\repository\io\github\bonigarcia\webdrivermanager\5.3.1\webdrivermanager-5.3.1.jar;C:\Users\Hoa Nang\.m2\repository\org\slf4j\slf4j-api\2.0.3\slf4j-api-2.0.3.jar;C:\Users\Hoa Nang\.m2\repository\com\google\code\gson\gson\2.10\gson-2.10.jar;C:\Users\Hoa Nang\.m2\repository\com\github\docker-java\docker-java\3.2.13\docker-java-3.2.13.jar;C:\Users\Hoa Nang\.m2\repository\com\github\docker-java\docker-java-core\3.2.13\docker-java-core-3.2.13.jar;C:\Users\Hoa Nang\.m2\repository\com\github\docker-java\docker-java-api\3.2.13\docker-java-api-3.2.13.jar;C:\Users\Hoa Nang\.m2\repository\com\fasterxml\jackson\core\jackson-annotations\2.10.3\jackson-annotations-2.10.3.jar;C:\Users\Hoa Nang\.m2\repository\com\fasterxml\jackson\core\jackson-databind\2.10.3\jackson-databind-2.10.3.jar;C:\Users\Hoa Nang\.m2\repository\com\fasterxml\jackson\core\jackson-core\2.10.3\jackson-core-2.10.3.jar;C:\Users\Hoa Nang\.m2\repository\org\bouncycastle\bcpkix-jdk15on\1.64\bcpkix-jdk15on-1.64.jar;C:\Users\Hoa Nang\.m2\repository\org\bouncycastle\bcprov-jdk15on\1.64\bcprov-jdk15on-1.64.jar;C:\Users\Hoa Nang\.m2\repository\org\slf4j\jcl-over-slf4j\1.7.30\jcl-over-slf4j-1.7.30.jar;C:\Users\Hoa Nang\.m2\repository\com\github\docker-java\docker-java-transport-httpclient5\3.2.13\docker-java-transport-httpclient5-3.2.13.jar;C:\Users\Hoa Nang\.m2\repository\com\github\docker-java\docker-java-transport\3.2.13\docker-java-transport-3.2.13.jar;C:\Users\Hoa Nang\.m2\repository\net\java\dev\jna\jna\5.8.0\jna-5.8.0.jar;C:\Users\Hoa Nang\.m2\repository\org\brotli\dec\0.1.2\dec-0.1.2.jar;C:\Users\Hoa Nang\.m2\repository\org\apache\commons\commons-lang3\3.12.0\commons-lang3-3.12.0.jar;C:\Users\Hoa Nang\.m2\repository\org\apache\httpcomponents\client5\httpclient5\5.1.3\httpclient5-5.1.3.jar;C:\Users\Hoa Nang\.m2\repository\org\apache\httpcomponents\core5\httpcore5\5.1.3\httpcore5-5.1.3.jar;C:\Users\Hoa Nang\.m2\repository\org\apache\httpcomponents\core5\httpcore5-h2\5.1.3\httpcore5-h2-5.1.3.jar;C:\Users\Hoa Nang\.m2\repository\org\testng\testng\7.6.1\testng-7.6.1.jar;C:\Users\Hoa Nang\.m2\repository\com\google\code\findbugs\jsr305\3.0.2\jsr305-3.0.2.jar;C:\Users\Hoa Nang\.m2\repository\com\beust\jcommander\1.82\jcommander-1.82.jar;C:\Users\Hoa Nang\.m2\repository\org\webjars\jquery\3.6.0\jquery-3.6.0.jar;C:\Users\Hoa Nang\.m2\repository\org\seleniumhq\selenium\selenium-java\4.6.0\selenium-java-4.6.0.jar;C:\Users\Hoa Nang\.m2\repository\org\seleniumhq\selenium\selenium-api\4.6.0\selenium-api-4.6.0.jar;C:\Users\Hoa Nang\.m2\repository\org\seleniumhq\selenium\selenium-chrome-driver\4.6.0\selenium-chrome-driver-4.6.0.jar;C:\Users\Hoa Nang\.m2\repository\com\google\auto\service\auto-service-annotations\1.0.1\auto-service-annotations-1.0.1.jar;C:\Users\Hoa Nang\.m2\repository\com\google\auto\service\auto-service\1.0.1\auto-service-1.0.1.jar;C:\Users\Hoa Nang\.m2\repository\com\google\auto\auto-common\1.2\auto-common-1.2.jar;C:\Users\Hoa Nang\.m2\repository\com\google\guava\guava\31.1-jre\guava-31.1-jre.jar;C:\Users\Hoa Nang\.m2\repository\com\google\guava\failureaccess\1.0.1\failureaccess-1.0.1.jar;C:\Users\Hoa Nang\.m2\repository\com\google\guava\listenablefuture\9999.0-empty-to-avoid-conflict-with-guava\listenablefuture-9999.0-empty-to-avoid-conflict-with-guava.jar;C:\Users\Hoa Nang\.m2\repository\org\checkerframework\checker-qual\3.12.0\checker-qual-3.12.0.jar;C:\Users\Hoa Nang\.m2\repository\com\google\errorprone\error_prone_annotations\2.11.0\error_prone_annotations-2.11.0.jar;C:\Users\Hoa Nang\.m2\repository\com\google\j2objc\j2objc-annotations\1.3\j2objc-annotations-1.3.jar;C:\Users\Hoa Nang\.m2\repository\org\seleniumhq\selenium\selenium-chromium-driver\4.6.0\selenium-chromium-driver-4.6.0.jar;C:\Users\Hoa Nang\.m2\repository\org\seleniumhq\selenium\selenium-json\4.6.0\selenium-json-4.6.0.jar;C:\Users\Hoa Nang\.m2\repository\org\seleniumhq\selenium\selenium-devtools-v105\4.6.0\selenium-devtools-v105-4.6.0.jar;C:\Users\Hoa Nang\.m2\repository\org\seleniumhq\selenium\selenium-devtools-v106\4.6.0\selenium-devtools-v106-4.6.0.jar;C:\Users\Hoa Nang\.m2\repository\org\seleniumhq\selenium\selenium-devtools-v107\4.6.0\selenium-devtools-v107-4.6.0.jar;C:\Users\Hoa Nang\.m2\repository\org\seleniumhq\selenium\selenium-devtools-v85\4.6.0\selenium-devtools-v85-4.6.0.jar;C:\Users\Hoa Nang\.m2\repository\org\seleniumhq\selenium\selenium-edge-driver\4.6.0\selenium-edge-driver-4.6.0.jar;C:\Users\Hoa Nang\.m2\repository\org\seleniumhq\selenium\selenium-firefox-driver\4.6.0\selenium-firefox-driver-4.6.0.jar;C:\Users\Hoa Nang\.m2\repository\org\seleniumhq\selenium\selenium-ie-driver\4.6.0\selenium-ie-driver-4.6.0.jar;C:\Users\Hoa Nang\.m2\repository\org\seleniumhq\selenium\selenium-remote-driver\4.6.0\selenium-remote-driver-4.6.0.jar;C:\Users\Hoa Nang\.m2\repository\io\netty\netty-buffer\4.1.84.Final\netty-buffer-4.1.84.Final.jar;C:\Users\Hoa Nang\.m2\repository\io\netty\netty-codec-http\4.1.84.Final\netty-codec-http-4.1.84.Final.jar;C:\Users\Hoa Nang\.m2\repository\io\netty\netty-codec\4.1.84.Final\netty-codec-4.1.84.Final.jar;C:\Users\Hoa Nang\.m2\repository\io\netty\netty-handler\4.1.84.Final\netty-handler-4.1.84.Final.jar;C:\Users\Hoa Nang\.m2\repository\io\netty\netty-common\4.1.84.Final\netty-common-4.1.84.Final.jar;C:\Users\Hoa Nang\.m2\repository\io\netty\netty-transport-classes-epoll\4.1.84.Final\netty-transport-classes-epoll-4.1.84.Final.jar;C:\Users\Hoa Nang\.m2\repository\io\netty\netty-transport-classes-kqueue\4.1.84.Final\netty-transport-classes-kqueue-4.1.84.Final.jar;C:\Users\Hoa Nang\.m2\repository\io\netty\netty-transport-native-epoll\4.1.84.Final\netty-transport-native-epoll-4.1.84.Final.jar;C:\Users\Hoa Nang\.m2\repository\io\netty\netty-transport-native-kqueue\4.1.84.Final\netty-transport-native-kqueue-4.1.84.Final.jar;C:\Users\Hoa Nang\.m2\repository\io\netty\netty-transport-native-unix-common\4.1.84.Final\netty-transport-native-unix-common-4.1.84.Final.jar;C:\Users\Hoa Nang\.m2\repository\io\netty\netty-transport\4.1.84.Final\netty-transport-4.1.84.Final.jar;C:\Users\Hoa Nang\.m2\repository\io\netty\netty-resolver\4.1.84.Final\netty-resolver-4.1.84.Final.jar;C:\Users\Hoa Nang\.m2\repository\io\opentelemetry\opentelemetry-api\1.19.0\opentelemetry-api-1.19.0.jar;C:\Users\Hoa Nang\.m2\repository\io\opentelemetry\opentelemetry-context\1.19.0\opentelemetry-context-1.19.0.jar;C:\Users\Hoa Nang\.m2\repository\io\opentelemetry\opentelemetry-exporter-logging\1.19.0\opentelemetry-exporter-logging-1.19.0.jar;C:\Users\Hoa Nang\.m2\repository\io\opentelemetry\opentelemetry-sdk-metrics\1.19.0\opentelemetry-sdk-metrics-1.19.0.jar;C:\Users\Hoa Nang\.m2\repository\io\opentelemetry\opentelemetry-sdk-logs\1.19.0-alpha\opentelemetry-sdk-logs-1.19.0-alpha.jar;C:\Users\Hoa Nang\.m2\repository\io\opentelemetry\opentelemetry-api-logs\1.19.0-alpha\opentelemetry-api-logs-1.19.0-alpha.jar;C:\Users\Hoa Nang\.m2\repository\io\opentelemetry\opentelemetry-sdk-common\1.19.0\opentelemetry-sdk-common-1.19.0.jar;C:\Users\Hoa Nang\.m2\repository\io\opentelemetry\opentelemetry-sdk-extension-autoconfigure-spi\1.19.0\opentelemetry-sdk-extension-autoconfigure-spi-1.19.0.jar;C:\Users\Hoa Nang\.m2\repository\io\opentelemetry\opentelemetry-sdk-extension-autoconfigure\1.19.0-alpha\opentelemetry-sdk-extension-autoconfigure-1.19.0-alpha.jar;C:\Users\Hoa Nang\.m2\repository\io\opentelemetry\opentelemetry-exporter-common\1.19.0\opentelemetry-exporter-common-1.19.0.jar;C:\Users\Hoa Nang\.m2\repository\io\opentelemetry\opentelemetry-sdk-trace\1.19.0\opentelemetry-sdk-trace-1.19.0.jar;C:\Users\Hoa Nang\.m2\repository\io\opentelemetry\opentelemetry-sdk\1.19.0\opentelemetry-sdk-1.19.0.jar;C:\Users\Hoa Nang\.m2\repository\io\opentelemetry\opentelemetry-semconv\1.19.0-alpha\opentelemetry-semconv-1.19.0-alpha.jar;C:\Users\Hoa Nang\.m2\repository\io\ous\jtoml\2.0.0\jtoml-2.0.0.jar;C:\Users\Hoa Nang\.m2\repository\net\bytebuddy\byte-buddy\1.12.18\byte-buddy-1.12.18.jar;C:\Users\Hoa Nang\.m2\repository\org\apache\commons\commons-exec\1.3\commons-exec-1.3.jar;C:\Users\Hoa Nang\.m2\repository\org\asynchttpclient\async-http-client\2.12.3\async-http-client-2.12.3.jar;C:\Users\Hoa Nang\.m2\repository\org\asynchttpclient\async-http-client-netty-utils\2.12.3\async-http-client-netty-utils-2.12.3.jar;C:\Users\Hoa Nang\.m2\repository\io\netty\netty-codec-socks\4.1.60.Final\netty-codec-socks-4.1.60.Final.jar;C:\Users\Hoa Nang\.m2\repository\io\netty\netty-handler-proxy\4.1.60.Final\netty-handler-proxy-4.1.60.Final.jar;C:\Users\Hoa Nang\.m2\repository\io\netty\netty-transport-native-epoll\4.1.60.Final\netty-transport-native-epoll-4.1.60.Final-linux-x86_64.jar;C:\Users\Hoa Nang\.m2\repository\io\netty\netty-transport-native-kqueue\4.1.60.Final\netty-transport-native-kqueue-4.1.60.Final-osx-x86_64.jar;C:\Users\Hoa Nang\.m2\repository\org\reactivestreams\reactive-streams\1.0.3\reactive-streams-1.0.3.jar;C:\Users\Hoa Nang\.m2\repository\com\typesafe\netty\netty-reactive-streams\2.0.4\netty-reactive-streams-2.0.4.jar;C:\Users\Hoa Nang\.m2\repository\com\sun\activation\jakarta.activation\1.2.2\jakarta.activation-1.2.2.jar;C:\Users\Hoa Nang\.m2\repository\org\seleniumhq\selenium\selenium-http\4.6.0\selenium-http-4.6.0.jar;C:\Users\Hoa Nang\.m2\repository\dev\failsafe\failsafe\3.3.0\failsafe-3.3.0.jar;C:\Users\Hoa Nang\.m2\repository\org\seleniumhq\selenium\selenium-manager\4.6.0\selenium-manager-4.6.0.jar;C:\Users\Hoa Nang\.m2\repository\org\seleniumhq\selenium\selenium-safari-driver\4.6.0\selenium-safari-driver-4.6.0.jar;C:\Users\Hoa Nang\.m2\repository\org\seleniumhq\selenium\selenium-support\4.6.0\selenium-support-4.6.0.jar;C:\Users\Hoa Nang\.m2\repository\org\apache\poi\poi\5.2.3\poi-5.2.3.jar;C:\Users\Hoa Nang\.m2\repository\commons-codec\commons-codec\1.15\commons-codec-1.15.jar;C:\Users\Hoa Nang\.m2\repository\org\apache\commons\commons-collections4\4.4\commons-collections4-4.4.jar;C:\Users\Hoa Nang\.m2\repository\org\apache\commons\commons-math3\3.6.1\commons-math3-3.6.1.jar;C:\Users\Hoa Nang\.m2\repository\commons-io\commons-io\2.11.0\commons-io-2.11.0.jar;C:\Users\Hoa Nang\.m2\repository\com\zaxxer\SparseBitSet\1.2\SparseBitSet-1.2.jar;C:\Users\Hoa Nang\.m2\repository\org\apache\poi\poi-ooxml\5.2.3\poi-ooxml-5.2.3.jar;C:\Users\Hoa Nang\.m2\repository\org\apache\poi\poi-ooxml-lite\5.2.3\poi-ooxml-lite-5.2.3.jar;C:\Users\Hoa Nang\.m2\repository\org\apache\xmlbeans\xmlbeans\5.1.1\xmlbeans-5.1.1.jar;C:\Users\Hoa Nang\.m2\repository\org\apache\commons\commons-compress\1.21\commons-compress-1.21.jar;C:\Users\Hoa Nang\.m2\repository\com\github\virtuald\curvesapi\1.07\curvesapi-1.07.jar;C:\Users\Hoa Nang\.m2\repository\io\qameta\allure\allure-testng\2.20.1\allure-testng-2.20.1.jar;C:\Users\Hoa Nang\.m2\repository\io\qameta\allure\allure-java-commons\2.20.1\allure-java-commons-2.20.1.jar;C:\Users\Hoa Nang\.m2\repository\io\qameta\allure\allure-model\2.20.1\allure-model-2.20.1.jar;C:\Users\Hoa Nang\.m2\repository\io\qameta\allure\allure-test-filter\2.20.1\allure-test-filter-2.20.1.jar;C:\Users\Hoa Nang\.m2\repository\org\apache\logging\log4j\log4j-api\2.19.0\log4j-api-2.19.0.jar;C:\Users\Hoa Nang\.m2\repository\org\apache\logging\log4j\log4j-core\2.19.0\log4j-core-2.19.0.jar;"/>
    <property name="sun.cpu.endian" value="little"/>
    <property name="user.home" value="C:\Users\Hoa Nang"/>
    <property name="user.language" value="en"/>
    <property name="java.specification.vendor" value="Oracle Corporation"/>
    <property name="java.version.date" value="2022-04-22"/>
    <property name="java.home" value="C:\Program Files\Java\jdk-18.0.1.1"/>
    <property name="file.separator" value="\"/>
    <property name="basedir" value="D:\Automation\Automation Project\SauceDemo"/>
    <property name="java.vm.compressedOopsMode" value="32-bit"/>
    <property name="line.separator" value="&#10;"/>
    <property name="java.vm.specification.vendor" value="Oracle Corporation"/>
    <property name="java.specification.name" value="Java Platform API Specification"/>
    <property name="surefire.real.class.path" value="C:\Users\Hoa Nang\AppData\Local\Temp\surefire9240395817670914538\surefirebooter-20230112220928100_3.jar"/>
    <property name="user.script" value=""/>
    <property name="sun.management.compiler" value="HotSpot 64-Bit Tiered Compilers"/>
    <property name="java.runtime.version" value="18.0.1.1+2-6"/>
    <property name="user.name" value="Hoa Nang"/>
    <property name="path.separator" value=";"/>
    <property name="os.version" value="10.0"/>
    <property name="java.runtime.name" value="Java(TM) SE Runtime Environment"/>
    <property name="file.encoding" value="UTF-8"/>
    <property name="test.suite" value="SauceDemo.xml"/>
    <property name="java.vm.name" value="Java HotSpot(TM) 64-Bit Server VM"/>
    <property name="localRepository" value="C:\Users\Hoa Nang\.m2\repository"/>
    <property name="java.vendor.url.bug" value="https://bugreport.java.com/bugreport/"/>
    <property name="java.io.tmpdir" value="C:\Users\HOANAN~1\AppData\Local\Temp\"/>
    <property name="java.version" value="18.0.1.1"/>
    <property name="user.dir" value="D:\Automation\Automation Project\SauceDemo"/>
    <property name="os.arch" value="amd64"/>
    <property name="java.vm.specification.name" value="Java Virtual Machine Specification"/>
    <property name="sun.os.patch.level" value=""/>
    <property name="native.encoding" value="Cp1252"/>
    <property name="java.library.path" value="C:\Program Files\Java\jdk-18.0.1.1\bin;C:\WINDOWS\Sun\Java\bin;C:\WINDOWS\system32;C:\WINDOWS;C:\Program Files\Common Files\Oracle\Java\javapath;C:\Program Files (x86)\Intel\Intel(R) Management Engine Components\iCLS\;C:\Program Files\Intel\Intel(R) Management Engine Components\iCLS\;C:\WINDOWS\system32;C:\WINDOWS;C:\WINDOWS\System32\Wbem;C:\WINDOWS\System32\WindowsPowerShell\v1.0\;C:\WINDOWS\System32\OpenSSH\;C:\Program Files (x86)\Intel\Intel(R) Management Engine Components\DAL;C:\Program Files\Intel\Intel(R) Management Engine Components\DAL;C:\Program Files\Intel\WiFi\bin\;C:\Program Files\Common Files\Intel\WirelessCommon\;C:\Program Files\Java\jdk-18.0.1.1\bin;C:\Program Files\Git\cmd;C:\Program Files\TortoiseGit\bin;D:\Automation\apacheMaven\apache-maven-3.8.6\bin;C:\Users\Hoa Nang\AppData\Local\Microsoft\WindowsApps;;."/>
    <property name="java.vm.info" value="mixed mode, sharing"/>
    <property name="java.vendor" value="Oracle Corporation"/>
    <property name="java.vm.version" value="18.0.1.1+2-6"/>
    <property name="sun.io.unicode.encoding" value="UnicodeLittle"/>
    <property name="java.class.version" value="62.0"/>
  </properties>
  <testcase name="withInvalidCredential[standard_user1, secret_sauce, Epic sadface: Username and password do not match any user in this service](1)" classname="tests.LoginTest" time="0.4">
    <system-out><![CDATA[[INFO ] 22:09:31.107 [main] common.Log - Chrome is started
[INFO ] 22:09:39.844 [main] common.Log - withInvalidCredential is stared
[INFO ] 22:09:40.200 [main] common.Log - withInvalidCredential is successful
]]></system-out>
    <system-err><![CDATA[SLF4J: No SLF4J providers were found.
SLF4J: Defaulting to no-operation (NOP) logger implementation
SLF4J: See https://www.slf4j.org/codes.html#noProviders for further details.
Starting ChromeDriver 108.0.5359.71 (1e0e3868ee06e91ad636a874420e3ca3ae3756ac-refs/branch-heads/5359@{#1016}) on port 10811
Only local connections are allowed.
Please see https://chromedriver.chromium.org/security-considerations for suggestions on keeping ChromeDriver safe.
ChromeDriver was started successfully.
Jan 12, 2023 10:09:35 PM org.openqa.selenium.devtools.CdpVersionFinder findNearestMatch
WARNING: Unable to find an exact match for CDP version 108, so returning the closest version found: 107
]]></system-err>
  </testcase>
  <testcase name="withInvalidCredential[standard_user, secret_sauce1, Epic sadface: Username and password do not match any user in this service](2)" classname="tests.LoginTest" time="0.3">
    <system-out><![CDATA[[INFO ] 22:09:40.567 [main] common.Log - withInvalidCredential is stared
[INFO ] 22:09:40.862 [main] common.Log - withInvalidCredential is successful
]]></system-out>
  </testcase>
  <testcase name="withInvalidCredential[standard_user1, secret_sauce1, Epic sadface: Username and password do not match any user in this service](3)" classname="tests.LoginTest" time="0.277">
    <system-out><![CDATA[[INFO ] 22:09:41.117 [main] common.Log - withInvalidCredential is stared
[INFO ] 22:09:41.391 [main] common.Log - withInvalidCredential is successful
]]></system-out>
  </testcase>
  <testcase name="withInvalidCredential[, secret_sauce, Epic sadface: Username is required](4)" classname="tests.LoginTest" time="0.241">
    <system-out><![CDATA[[INFO ] 22:09:41.779 [main] common.Log - withInvalidCredential is stared
[INFO ] 22:09:42.017 [main] common.Log - withInvalidCredential is successful
]]></system-out>
  </testcase>
  <testcase name="withInvalidCredential[standard_user, , Epic sadface: Password is required](5)" classname="tests.LoginTest" time="0.256">
    <system-out><![CDATA[[INFO ] 22:09:42.598 [main] common.Log - withInvalidCredential is stared
[INFO ] 22:09:42.851 [main] common.Log - withInvalidCredential is successful
]]></system-out>
  </testcase>
  <testcase name="withInvalidCredential[, , Epic sadface: Username is required](6)" classname="tests.LoginTest" time="0.219">
    <system-out><![CDATA[[INFO ] 22:09:43.303 [main] common.Log - withInvalidCredential is stared
[INFO ] 22:09:43.519 [main] common.Log - withInvalidCredential is successful
]]></system-out>
  </testcase>
  <testcase name="withInvalidCredential[locked_out_user, secret_sauce, Epic sadface: Sorry, this user has been locked out.](7)" classname="tests.LoginTest" time="0.276">
    <system-out><![CDATA[[INFO ] 22:09:44.008 [main] common.Log - withInvalidCredential is stared
[INFO ] 22:09:44.281 [main] common.Log - withInvalidCredential is successful
]]></system-out>
  </testcase>
  <testcase name="withValidCredential" classname="tests.LoginTest" time="0.317">
    <system-out><![CDATA[[INFO ] 22:09:44.921 [main] common.Log - withValidCredential is stared
[INFO ] 22:09:45.232 [main] common.Log - withValidCredential is successful
]]></system-out>
  </testcase>
  <testcase name="verifyAllElementOnNavigationPage" classname="tests.NavigationTest" time="0.074">
    <system-out><![CDATA[[INFO ] 22:09:47.651 [main] common.Log - verifyAllElementOnNavigationPage is stared
[INFO ] 22:09:47.723 [main] common.Log - verifyAllElementOnNavigationPage is successful
]]></system-out>
    <system-err><![CDATA[Starting ChromeDriver 108.0.5359.71 (1e0e3868ee06e91ad636a874420e3ca3ae3756ac-refs/branch-heads/5359@{#1016}) on port 44797
Only local connections are allowed.
Please see https://chromedriver.chromium.org/security-considerations for suggestions on keeping ChromeDriver safe.
ChromeDriver was started successfully.
Jan 12, 2023 10:09:46 PM org.openqa.selenium.devtools.CdpVersionFinder findNearestMatch
WARNING: Unable to find an exact match for CDP version 108, so returning the closest version found: 107
]]></system-err>
  </testcase>
  <testcase name="verifyRedirectOfAboutMenu" classname="tests.NavigationTest" time="5.355">
    <system-out><![CDATA[[INFO ] 22:09:47.728 [main] common.Log - verifyRedirectOfAboutMenu is stared
[INFO ] 22:09:53.073 [main] common.Log - verifyRedirectOfAboutMenu is successful
]]></system-out>
  </testcase>
  <testcase name="verifyRedirectOfAllItemsMenu" classname="tests.NavigationTest" time="0.197">
    <system-out><![CDATA[[INFO ] 22:09:53.081 [main] common.Log - verifyRedirectOfAllItemsMenu is stared
[INFO ] 22:09:53.276 [main] common.Log - verifyRedirectOfAllItemsMenu is successful
]]></system-out>
  </testcase>
  <testcase name="verifyRedirectOfCartIcon" classname="tests.NavigationTest" time="0.086">
    <system-out><![CDATA[[INFO ] 22:09:53.280 [main] common.Log - verifyRedirectOfCartIcon is stared
[INFO ] 22:09:53.362 [main] common.Log - verifyRedirectOfCartIcon is successful
]]></system-out>
  </testcase>
  <testcase name="verifyResetAppState" classname="tests.NavigationTest" time="0.764">
    <system-out><![CDATA[[INFO ] 22:09:53.366 [main] common.Log - verifyResetAppState is stared
[INFO ] 22:09:54.127 [main] common.Log - verifyResetAppState is successful
]]></system-out>
  </testcase>
  <testcase name="verifyLogout" classname="tests.NavigationTest" time="0.449">
    <system-out><![CDATA[[INFO ] 22:09:54.131 [main] common.Log - verifyLogout is stared
[INFO ] 22:09:54.577 [main] common.Log - verifyLogout is successful
]]></system-out>
  </testcase>
  <testcase name="verifyCopyWritingCorrect" classname="tests.FooterTest" time="0.033">
    <system-out><![CDATA[[INFO ] 22:10:00.141 [main] common.Log - verifyCopyWritingCorrect is stared
[INFO ] 22:10:00.170 [main] common.Log - verifyCopyWritingCorrect is successful
]]></system-out>
    <system-err><![CDATA[Starting ChromeDriver 108.0.5359.71 (1e0e3868ee06e91ad636a874420e3ca3ae3756ac-refs/branch-heads/5359@{#1016}) on port 11987
Only local connections are allowed.
Please see https://chromedriver.chromium.org/security-considerations for suggestions on keeping ChromeDriver safe.
ChromeDriver was started successfully.
Jan 12, 2023 10:09:55 PM org.openqa.selenium.devtools.CdpVersionFinder findNearestMatch
WARNING: Unable to find an exact match for CDP version 108, so returning the closest version found: 107
]]></system-err>
  </testcase>
  <testcase name="verifyFooterImageDisplay" classname="tests.FooterTest" time="0.036">
    <system-out><![CDATA[[INFO ] 22:10:00.174 [main] common.Log - verifyFooterImageDisplay is stared
[INFO ] 22:10:00.205 [main] common.Log - verifyFooterImageDisplay is successful
]]></system-out>
  </testcase>
  <testcase name="verifySocialUrl" classname="tests.FooterTest" time="0.08">
    <system-out><![CDATA[[INFO ] 22:10:00.208 [main] common.Log - verifySocialUrl is stared
[INFO ] 22:10:00.286 [main] common.Log - verifySocialUrl is successful
]]></system-out>
  </testcase>
  <testcase name="verifyAddToCartButtonOnProductList" classname="tests.ProductListTest" time="1.879">
    <system-out><![CDATA[[INFO ] 22:10:02.207 [main] common.Log - verifyAddToCartButtonOnProductList is stared
[INFO ] 22:10:04.084 [main] common.Log - verifyAddToCartButtonOnProductList is successful
]]></system-out>
    <system-err><![CDATA[Starting ChromeDriver 108.0.5359.71 (1e0e3868ee06e91ad636a874420e3ca3ae3756ac-refs/branch-heads/5359@{#1016}) on port 36684
Only local connections are allowed.
Please see https://chromedriver.chromium.org/security-considerations for suggestions on keeping ChromeDriver safe.
ChromeDriver was started successfully.
Jan 12, 2023 10:10:01 PM org.openqa.selenium.devtools.CdpVersionFinder findNearestMatch
WARNING: Unable to find an exact match for CDP version 108, so returning the closest version found: 107
]]></system-err>
  </testcase>
  <testcase name="verifyDetailURLOfEachProduct" classname="tests.ProductListTest" time="1.822">
    <system-out><![CDATA[[INFO ] 22:10:04.087 [main] common.Log - verifyDetailURLOfEachProduct is stared
[INFO ] 22:10:05.906 [main] common.Log - verifyDetailURLOfEachProduct is successful
]]></system-out>
  </testcase>
  <testcase name="verifyInformationOfEachProduct" classname="tests.ProductListTest" time="0.698">
    <system-out><![CDATA[[INFO ] 22:10:05.912 [main] common.Log - verifyInformationOfEachProduct is stared
[INFO ] 22:10:06.606 [main] common.Log - verifyInformationOfEachProduct is successful
]]></system-out>
  </testcase>
  <testcase name="verifyOptionOnSortDropdown" classname="tests.ProductListTest" time="0.13">
    <system-out><![CDATA[[INFO ] 22:10:06.608 [main] common.Log - verifyOptionOnSortDropdown is stared
[INFO ] 22:10:06.734 [main] common.Log - verifyOptionOnSortDropdown is successful
]]></system-out>
  </testcase>
  <testcase name="verifyRemoveButtonOnProductList" classname="tests.ProductListTest" time="1.768">
    <system-out><![CDATA[[INFO ] 22:10:06.738 [main] common.Log - verifyRemoveButtonOnProductList is stared
[INFO ] 22:10:08.504 [main] common.Log - verifyRemoveButtonOnProductList is successful
]]></system-out>
  </testcase>
  <testcase name="verifySortNameAToZ" classname="tests.ProductListTest" time="0.251">
    <system-out><![CDATA[[INFO ] 22:10:08.507 [main] common.Log - verifySortNameAToZ is stared
[INFO ] 22:10:08.755 [main] common.Log - verifySortNameAToZ is successful
]]></system-out>
  </testcase>
  <testcase name="verifySortNameZToA" classname="tests.ProductListTest" time="0.284">
    <system-out><![CDATA[[INFO ] 22:10:08.758 [main] common.Log - verifySortNameZToA is stared
[INFO ] 22:10:09.040 [main] common.Log - verifySortNameZToA is successful
]]></system-out>
  </testcase>
  <testcase name="verifySortPriceHighToLow" classname="tests.ProductListTest" time="0.288">
    <system-out><![CDATA[[INFO ] 22:10:09.042 [main] common.Log - verifySortPriceHighToLow is stared
[INFO ] 22:10:09.327 [main] common.Log - verifySortPriceHighToLow is successful
]]></system-out>
  </testcase>
  <testcase name="verifySortPriceLowToHigh" classname="tests.ProductListTest" time="0.277">
    <system-out><![CDATA[[INFO ] 22:10:09.330 [main] common.Log - verifySortPriceLowToHigh is stared
[INFO ] 22:10:09.605 [main] common.Log - verifySortPriceLowToHigh is successful
]]></system-out>
  </testcase>
  <testcase name="verifyTotalNumberOfProduct" classname="tests.ProductListTest" time="0.01">
    <system-out><![CDATA[[INFO ] 22:10:09.607 [main] common.Log - verifyTotalNumberOfProduct is stared
[INFO ] 22:10:09.615 [main] common.Log - verifyTotalNumberOfProduct is successful
]]></system-out>
  </testcase>
  <testcase name="verifyAddToCartButtonOnProductDetail" classname="tests.ProductDetailTest" time="2.145">
    <system-out><![CDATA[[INFO ] 22:10:11.814 [main] common.Log - verifyAddToCartButtonOnProductDetail is stared
[INFO ] 22:10:13.955 [main] common.Log - verifyAddToCartButtonOnProductDetail is successful
]]></system-out>
    <system-err><![CDATA[Starting ChromeDriver 108.0.5359.71 (1e0e3868ee06e91ad636a874420e3ca3ae3756ac-refs/branch-heads/5359@{#1016}) on port 48616
Only local connections are allowed.
Please see https://chromedriver.chromium.org/security-considerations for suggestions on keeping ChromeDriver safe.
ChromeDriver was started successfully.
Jan 12, 2023 10:10:10 PM org.openqa.selenium.devtools.CdpVersionFinder findNearestMatch
WARNING: Unable to find an exact match for CDP version 108, so returning the closest version found: 107
]]></system-err>
  </testcase>
  <testcase name="verifyProductInfoInPdpPage" classname="tests.ProductDetailTest" time="2.241">
    <system-out><![CDATA[[INFO ] 22:10:13.959 [main] common.Log - verifyProductInfoInPdpPage is stared
[INFO ] 22:10:16.197 [main] common.Log - verifyProductInfoInPdpPage is successful
]]></system-out>
  </testcase>
  <testcase name="verifyRemoveBtnOnProductDetail" classname="tests.ProductDetailTest" time="1.985">
    <system-out><![CDATA[[INFO ] 22:10:16.200 [main] common.Log - verifyRemoveBtnOnProductDetail is stared
[INFO ] 22:10:18.182 [main] common.Log - verifyRemoveBtnOnProductDetail is successful
]]></system-out>
  </testcase>
  <testcase name="verifyElementsOnCartPage" classname="tests.CartTest" time="0.185">
    <system-out><![CDATA[[INFO ] 22:10:22.287 [main] common.Log - verifyElementsOnCartPage is stared
[INFO ] 22:10:22.469 [main] common.Log - verifyElementsOnCartPage is successful
]]></system-out>
    <system-err><![CDATA[Starting ChromeDriver 108.0.5359.71 (1e0e3868ee06e91ad636a874420e3ca3ae3756ac-refs/branch-heads/5359@{#1016}) on port 40917
Only local connections are allowed.
Please see https://chromedriver.chromium.org/security-considerations for suggestions on keeping ChromeDriver safe.
ChromeDriver was started successfully.
Jan 12, 2023 10:10:19 PM org.openqa.selenium.devtools.CdpVersionFinder findNearestMatch
WARNING: Unable to find an exact match for CDP version 108, so returning the closest version found: 107
]]></system-err>
  </testcase>
  <testcase name="verifyInfoOfEachProductsItemOnCartPage" classname="tests.CartTest" time="0.345">
    <system-out><![CDATA[[INFO ] 22:10:22.472 [main] common.Log - verifyInfoOfEachProductsItemOnCartPage is stared
[INFO ] 22:10:22.814 [main] common.Log - verifyInfoOfEachProductsItemOnCartPage is successful
]]></system-out>
  </testcase>
  <testcase name="verifyWhenClickingOnCheckoutBtn" classname="tests.CartTest" time="0.138">
    <system-out><![CDATA[[INFO ] 22:10:22.817 [main] common.Log - verifyWhenClickingOnCheckoutBtn is stared
[INFO ] 22:10:22.953 [main] common.Log - verifyWhenClickingOnCheckoutBtn is successful
]]></system-out>
  </testcase>
  <testcase name="verifyWhenClickingOnContinueShoppingButton" classname="tests.CartTest" time="0.144">
    <system-out><![CDATA[[INFO ] 22:10:22.955 [main] common.Log - verifyWhenClickingOnContinueShoppingButton is stared
[INFO ] 22:10:23.098 [main] common.Log - verifyWhenClickingOnContinueShoppingButton is successful
]]></system-out>
  </testcase>
  <testcase name="verifyWhenClickingOnProductNameOnCartPage" classname="tests.CartTest" time="0.841">
    <system-out><![CDATA[[INFO ] 22:10:23.101 [main] common.Log - verifyWhenClickingOnProductNameOnCartPage is stared
[INFO ] 22:10:23.940 [main] common.Log - verifyWhenClickingOnProductNameOnCartPage is successful
]]></system-out>
  </testcase>
  <testcase name="verifyWhenClickingOnRemoveBtn" classname="tests.CartTest" time="0.542">
    <system-out><![CDATA[[INFO ] 22:10:23.943 [main] common.Log - verifyWhenClickingOnRemoveBtn is stared
[INFO ] 22:10:24.483 [main] common.Log - verifyWhenClickingOnRemoveBtn is successful
]]></system-out>
  </testcase>
  <testcase name="verifyInfoOnCheckOutStep2WhenCheckOutWith1Product" classname="tests.CheckOutStep2Test" time="0.792">
    <system-out><![CDATA[[INFO ] 22:10:26.896 [main] common.Log - verifyInfoOnCheckOutStep2WhenCheckOutWith1Product is stared
[INFO ] 22:10:27.686 [main] common.Log - verifyInfoOnCheckOutStep2WhenCheckOutWith1Product is successful
]]></system-out>
    <system-err><![CDATA[Starting ChromeDriver 108.0.5359.71 (1e0e3868ee06e91ad636a874420e3ca3ae3756ac-refs/branch-heads/5359@{#1016}) on port 32957
Only local connections are allowed.
Please see https://chromedriver.chromium.org/security-considerations for suggestions on keeping ChromeDriver safe.
ChromeDriver was started successfully.
Jan 12, 2023 10:10:25 PM org.openqa.selenium.devtools.CdpVersionFinder findNearestMatch
WARNING: Unable to find an exact match for CDP version 108, so returning the closest version found: 107
]]></system-err>
  </testcase>
  <testcase name="verifyInfoOnCheckOutStep2WhenCheckOutWithMoreProducts" classname="tests.CheckOutStep2Test" time="1.582">
    <system-out><![CDATA[[INFO ] 22:10:35.827 [main] common.Log - verifyInfoOnCheckOutStep2WhenCheckOutWithMoreProducts is stared
[INFO ] 22:10:37.405 [main] common.Log - verifyInfoOnCheckOutStep2WhenCheckOutWithMoreProducts is successful
]]></system-out>
  </testcase>
  <testcase name="checkPaymentSuccessWith1Product" classname="tests.ThankYouTest" time="0.913">
    <system-out><![CDATA[[INFO ] 22:10:39.769 [main] common.Log - checkPaymentSuccessWith1Product is stared
[INFO ] 22:10:40.679 [main] common.Log - checkPaymentSuccessWith1Product is successful
]]></system-out>
    <system-err><![CDATA[Starting ChromeDriver 108.0.5359.71 (1e0e3868ee06e91ad636a874420e3ca3ae3756ac-refs/branch-heads/5359@{#1016}) on port 13349
Only local connections are allowed.
Please see https://chromedriver.chromium.org/security-considerations for suggestions on keeping ChromeDriver safe.
ChromeDriver was started successfully.
Jan 12, 2023 10:10:38 PM org.openqa.selenium.devtools.CdpVersionFinder findNearestMatch
WARNING: Unable to find an exact match for CDP version 108, so returning the closest version found: 107
]]></system-err>
  </testcase>
  <testcase name="checkPaymentSuccessWithMoreProducts" classname="tests.ThankYouTest" time="0.878">
    <system-out><![CDATA[[INFO ] 22:10:40.955 [main] common.Log - checkPaymentSuccessWithMoreProducts is stared
[INFO ] 22:10:41.828 [main] common.Log - checkPaymentSuccessWithMoreProducts is successful
]]></system-out>
  </testcase>
  <testcase name="clickOnBackHomeButtonAfterPayment" classname="tests.ThankYouTest" time="0.833">
    <system-out><![CDATA[[INFO ] 22:10:41.992 [main] common.Log - clickOnBackHomeButtonAfterPayment is stared
[INFO ] 22:10:42.823 [main] common.Log - clickOnBackHomeButtonAfterPayment is successful
]]></system-out>
  </testcase>
  <testcase name="checkPaymentWhenCancelOnCheckOutStep2" classname="tests.ThankYouTest" time="0.763">
    <system-out><![CDATA[[INFO ] 22:10:42.944 [main] common.Log - checkPaymentWhenCancelOnCheckOutStep2 is stared
[INFO ] 22:10:43.703 [main] common.Log - checkPaymentWhenCancelOnCheckOutStep2 is successful
]]></system-out>
  </testcase>
</testsuite>