<?xml version="1.0" encoding="UTF-8"?>
<!-- Generated by org.testng.reporters.JUnitReportReporter -->
<testsuite hostname="HoaNang" failures="0" tests="4" name="tests.ThankYouTest" time="4.120" errors="0" timestamp="2023-01-12T22:10:44 ICT" skipped="0">
  <testcase classname="tests.ThankYouTest" name="checkPaymentSuccessWith1Product" time="1.069"/>
  <system-out/>
  <testcase classname="tests.ThankYouTest" name="clickOnBackHomeButtonAfterPayment" time="0.948"/>
  <system-out/>
  <testcase classname="tests.ThankYouTest" name="checkPaymentSuccessWithMoreProducts" time="1.074"/>
  <system-out/>
  <testcase classname="tests.ThankYouTest" name="checkPaymentWhenCancelOnCheckOutStep2" time="1.029"/>
  <system-out/>
</testsuite> <!-- tests.ThankYouTest -->
