<?xml version="1.0" encoding="UTF-8"?>
<!-- Generated by org.testng.reporters.JUnitReportReporter -->
<testsuite hostname="HoaNang" failures="0" tests="3" name="tests.FooterTest" time="0.143" errors="0" timestamp="2023-01-12T22:10:44 ICT" skipped="0">
  <testcase classname="tests.FooterTest" name="verifySocialUrl" time="0.079"/>
  <system-out/>
  <testcase classname="tests.FooterTest" name="verifyFooterImageDisplay" time="0.033"/>
  <system-out/>
  <testcase classname="tests.FooterTest" name="verifyCopyWritingCorrect" time="0.031"/>
  <system-out/>
</testsuite> <!-- tests.FooterTest -->
