<?xml version="1.0" encoding="UTF-8"?>
<!-- Generated by org.testng.reporters.JUnitReportReporter -->
<testsuite hostname="HoaNang" failures="0" tests="3" name="tests.ProductDetailTest" time="6.366" errors="0" timestamp="2023-01-12T22:10:44 ICT" skipped="0">
  <testcase classname="tests.ProductDetailTest" name="verifyProductInfoInPdpPage" time="2.240"/>
  <system-out/>
  <testcase classname="tests.ProductDetailTest" name="verifyRemoveBtnOnProductDetail" time="1.983"/>
  <system-out/>
  <testcase classname="tests.ProductDetailTest" name="verifyAddToCartButtonOnProductDetail" time="2.143"/>
  <system-out/>
</testsuite> <!-- tests.ProductDetailTest -->
