<?xml version="1.0" encoding="UTF-8"?>
<!-- Generated by org.testng.reporters.JUnitReportReporter -->
<testsuite hostname="HoaNang" failures="0" tests="6" name="tests.CartTest" time="2.188" errors="0" timestamp="2023-01-12T22:10:44 ICT" skipped="0">
  <testcase classname="tests.CartTest" name="verifyInfoOfEachProductsItemOnCartPage" time="0.343"/>
  <system-out/>
  <testcase classname="tests.CartTest" name="verifyElementsOnCartPage" time="0.184"/>
  <system-out/>
  <testcase classname="tests.CartTest" name="verifyWhenClickingOnContinueShoppingButton" time="0.144"/>
  <system-out/>
  <testcase classname="tests.CartTest" name="verifyWhenClickingOnCheckoutBtn" time="0.137"/>
  <system-out/>
  <testcase classname="tests.CartTest" name="verifyWhenClickingOnProductNameOnCartPage" time="0.840"/>
  <system-out/>
  <testcase classname="tests.CartTest" name="verifyWhenClickingOnRemoveBtn" time="0.540"/>
  <system-out/>
</testsuite> <!-- tests.CartTest -->
