<?xml version="1.0" encoding="UTF-8"?>
<!-- Generated by org.testng.reporters.JUnitReportReporter -->
<testsuite hostname="HoaNang" failures="0" tests="6" name="tests.NavigationTest" time="6.913" errors="0" timestamp="2023-01-12T22:10:44 ICT" skipped="0">
  <testcase classname="tests.NavigationTest" name="verifyResetAppState" time="0.763"/>
  <system-out/>
  <testcase classname="tests.NavigationTest" name="verifyRedirectOfAboutMenu" time="5.347"/>
  <system-out/>
  <testcase classname="tests.NavigationTest" name="verifyRedirectOfCartIcon" time="0.083"/>
  <system-out/>
  <testcase classname="tests.NavigationTest" name="verifyAllElementOnNavigationPage" time="0.073"/>
  <system-out/>
  <testcase classname="tests.NavigationTest" name="verifyRedirectOfAllItemsMenu" time="0.200"/>
  <system-out/>
  <testcase classname="tests.NavigationTest" name="verifyLogout" time="0.447"/>
  <system-out/>
</testsuite> <!-- tests.NavigationTest -->
