<?xml version="1.0" encoding="UTF-8"?>
<!-- Generated by org.testng.reporters.JUnitReportReporter -->
<testsuite hostname="HoaNang" failures="0" tests="2" name="tests.CheckOutStep2Test" time="10.976" errors="0" timestamp="2023-01-12T22:10:44 ICT" skipped="0">
  <testcase classname="tests.CheckOutStep2Test" name="verifyInfoOnCheckOutStep2WhenCheckOutWithMoreProducts" time="9.716"/>
  <system-out/>
  <testcase classname="tests.CheckOutStep2Test" name="verifyInfoOnCheckOutStep2WhenCheckOutWith1Product" time="1.260"/>
  <system-out/>
</testsuite> <!-- tests.CheckOutStep2Test -->
