<?xml version="1.0" encoding="UTF-8"?>
<!-- Generated by org.testng.reporters.JUnitReportReporter -->
<testsuite hostname="HoaNang" failures="0" tests="8" name="tests.LoginTest" time="9.294" errors="0" timestamp="2023-01-12T22:10:44 ICT" skipped="0">
  <testcase classname="tests.LoginTest" name="withInvalidCredential" time="0.648"/>
  <system-out/>
  <testcase classname="tests.LoginTest" name="withInvalidCredential" time="0.701"/>
  <system-out/>
  <testcase classname="tests.LoginTest" name="withInvalidCredential" time="4.148"/>
  <system-out/>
  <testcase classname="tests.LoginTest" name="withValidCredential" time="0.564"/>
  <system-out/>
  <testcase classname="tests.LoginTest" name="withInvalidCredential" time="0.872"/>
  <system-out/>
  <testcase classname="tests.LoginTest" name="withInvalidCredential" time="0.603"/>
  <system-out/>
  <testcase classname="tests.LoginTest" name="withInvalidCredential" time="0.907"/>
  <system-out/>
  <testcase classname="tests.LoginTest" name="withInvalidCredential" time="0.851"/>
  <system-out/>
</testsuite> <!-- tests.LoginTest -->
