<?xml version="1.0" encoding="UTF-8"?>
<!-- Generated by org.testng.reporters.JUnitReportReporter -->
<testsuite hostname="HoaNang" failures="0" tests="10" name="tests.ProductListTest" time="7.391" errors="0" timestamp="2023-01-12T22:10:44 ICT" skipped="0">
  <testcase classname="tests.ProductListTest" name="verifyInformationOfEachProduct" time="0.696"/>
  <system-out/>
  <testcase classname="tests.ProductListTest" name="verifyAddToCartButtonOnProductList" time="1.879"/>
  <system-out/>
  <testcase classname="tests.ProductListTest" name="verifyDetailURLOfEachProduct" time="1.819"/>
  <system-out/>
  <testcase classname="tests.ProductListTest" name="verifySortPriceHighToLow" time="0.286"/>
  <system-out/>
  <testcase classname="tests.ProductListTest" name="verifySortNameZToA" time="0.283"/>
  <system-out/>
  <testcase classname="tests.ProductListTest" name="verifySortPriceLowToHigh" time="0.276"/>
  <system-out/>
  <testcase classname="tests.ProductListTest" name="verifyTotalNumberOfProduct" time="0.009"/>
  <system-out/>
  <testcase classname="tests.ProductListTest" name="verifyRemoveButtonOnProductList" time="1.767"/>
  <system-out/>
  <testcase classname="tests.ProductListTest" name="verifySortNameAToZ" time="0.249"/>
  <system-out/>
  <testcase classname="tests.ProductListTest" name="verifyOptionOnSortDropdown" time="0.127"/>
  <system-out/>
</testsuite> <!-- tests.ProductListTest -->
